<?xml version="1.0" encoding="UTF-8"?>
<!-- Generated by org.testng.reporters.JUnitReportReporter -->
<testsuite hostname="LAPTOP-O761MFJJ" failures="0" tests="2" name="pages.RegisterPage" time="0.944" errors="0" timestamp="2023-01-27T16:24:07 NPT" skipped="0">
  <testcase classname="pages.RegisterPage" name="ValidRegister" time="0.561"/>
  <system-out/>
  <testcase classname="pages.RegisterPage" name="LogoTest" time="0.383"/>
  <system-out/>
</testsuite> <!-- pages.RegisterPage -->
