<?xml version="1.0" encoding="UTF-8"?>
<!-- Generated by org.testng.reporters.JUnitReportReporter -->
<testsuite hostname="LAPTOP-O761MFJJ" failures="0" tests="2" name="com.nopcommerce.tests.registerTest" time="3.055" errors="0" timestamp="2023-02-01T19:33:14 NPT" skipped="0">
  <testcase classname="com.nopcommerce.tests.registerTest" name="register" time="3.054"/>
  <system-out/>
  <testcase classname="com.nopcommerce.tests.registerTest" name="register2" time="0.001"/>
  <system-out/>
</testsuite> <!-- com.nopcommerce.tests.registerTest -->
