<?xml version="1.0" encoding="UTF-8"?>
<!-- Generated by org.testng.reporters.JUnitReportReporter -->
<testsuite hostname="LAPTOP-O761MFJJ" failures="0" tests="1" name="tests.registerTest" time="2.117" errors="0" timestamp="2023-01-29T19:04:18 NPT" skipped="0">
  <testcase classname="tests.registerTest" name="register" time="2.117"/>
  <system-out/>
</testsuite> <!-- tests.registerTest -->
