<?xml version="1.0" encoding="UTF-8"?>
<!-- Generated by org.testng.reporters.JUnitReportReporter -->
<testsuite hostname="LAPTOP-O761MFJJ" failures="0" tests="2" name="tests.registerTest" time="1.621" errors="0" timestamp="2023-01-30T17:34:32 NPT" skipped="0">
  <testcase classname="tests.registerTest" name="register" time="1.620"/>
  <system-out/>
  <testcase classname="tests.registerTest" name="register2" time="0.001"/>
  <system-out/>
</testsuite> <!-- tests.registerTest -->
