<?xml version="1.0" encoding="UTF-8"?>
<!-- Generated by org.testng.reporters.JUnitReportReporter -->
<testsuite hostname="LAPTOP-O761MFJJ" failures="0" tests="1" name="com.nopcommerce.tests.LoginPageTest" time="0.000" errors="0" timestamp="2023-01-30T20:50:02 NPT" skipped="0">
  <testcase classname="com.nopcommerce.tests.LoginPageTest" name="loginTest" time="0.000"/>
  <system-out/>
</testsuite> <!-- com.nopcommerce.tests.LoginPageTest -->
