<?xml version="1.0" encoding="UTF-8"?>
<!-- Generated by org.testng.reporters.JUnitReportReporter -->
<testsuite hostname="LAPTOP-O761MFJJ" failures="0" tests="2" name="com.nopcommerce.tests.registerTest" time="6.457" errors="0" timestamp="2023-01-30T20:50:02 NPT" skipped="0">
  <testcase classname="com.nopcommerce.tests.registerTest" name="register" time="6.455"/>
  <system-out/>
  <testcase classname="com.nopcommerce.tests.registerTest" name="register2" time="0.002"/>
  <system-out/>
</testsuite> <!-- com.nopcommerce.tests.registerTest -->
