<?xml version="1.0" encoding="UTF-8"?>
<!-- Generated by org.testng.reporters.JUnitReportReporter -->
<testsuite hostname="LAPTOP-O761MFJJ" failures="0" tests="1" name="tests.BaseClass" time="1.940" errors="0" timestamp="2023-01-27T16:17:18 NPT" skipped="0">
  <testcase classname="tests.BaseClass" name="LogoTest" time="1.940"/>
  <system-out/>
</testsuite> <!-- tests.BaseClass -->
